[INFO ] 2020-06-22 12:49:25.967 [http-nio-8080-exec-1] CustomerController - Inside login user
[INFO ] 2020-06-22 12:49:26.496 [http-nio-8080-exec-1] CustomerServiceImpl - password matched
[INFO ] 2020-06-22 16:29:12.377 [http-nio-8080-exec-1] CustomerController - Inside login user
[INFO ] 2020-06-22 16:29:20.642 [http-nio-8080-exec-3] CustomerController - Inside login user
[INFO ] 2020-06-22 16:29:26.208 [http-nio-8080-exec-4] CustomerController - Inside login user
[INFO ] 2020-06-26 14:08:52.346 [http-nio-8080-exec-2] CustomerController - Inside login user
[INFO ] 2020-06-26 14:12:33.251 [http-nio-8080-exec-1] CustomerController - Inside login user
[INFO ] 2020-06-26 14:14:40.991 [http-nio-8080-exec-2] CustomerController - Inside login user
[INFO ] 2020-06-26 14:14:49.854 [http-nio-8080-exec-3] CustomerController - Inside login user
[INFO ] 2020-06-26 14:15:05.125 [http-nio-8080-exec-4] CustomerController - Inside register user
[INFO ] 2020-06-26 14:15:05.135 [http-nio-8080-exec-4] CustomerServiceImpl - New user added to DB
[INFO ] 2020-06-26 14:15:09.735 [http-nio-8080-exec-5] CustomerController - Inside login user
[INFO ] 2020-06-26 17:23:50.363 [http-nio-8080-exec-2] CustomerController - Inside register user
[INFO ] 2020-06-26 17:23:50.554 [http-nio-8080-exec-2] CustomerServiceImpl - New user added to DB
[INFO ] 2020-06-26 17:24:06.218 [http-nio-8080-exec-3] CustomerController - Inside login user
[INFO ] 2020-06-26 17:27:24.683 [http-nio-8080-exec-2] CartServiceImpl - inside cartServiceIMPlnull
[INFO ] 2020-06-26 17:29:03.310 [http-nio-8080-exec-4] CartServiceImpl - inside cartServiceIMPlnull
[INFO ] 2020-06-26 17:33:24.786 [http-nio-8080-exec-3] CartServiceImpl - inside cartServiceIMPl0
[INFO ] 2020-06-26 17:35:08.791 [http-nio-8080-exec-1] CartController - 0
[INFO ] 2020-06-26 17:35:08.795 [http-nio-8080-exec-1] CartServiceImpl - inside cartServiceIMPl0
[INFO ] 2020-06-26 17:37:19.150 [http-nio-8080-exec-8] CartController - 0
[INFO ] 2020-06-26 17:37:19.152 [http-nio-8080-exec-8] CartServiceImpl - inside cartServiceIMPl0
[INFO ] 2020-06-26 17:38:11.263 [http-nio-8080-exec-1] CartController - null
[INFO ] 2020-06-26 17:38:11.267 [http-nio-8080-exec-1] CartServiceImpl - inside cartServiceIMPl0
[INFO ] 2020-06-26 17:38:56.029 [http-nio-8080-exec-4] CartController - null
[INFO ] 2020-06-26 17:38:56.029 [http-nio-8080-exec-4] CartServiceImpl - inside cartServiceIMPl0
[INFO ] 2020-06-26 17:39:06.450 [http-nio-8080-exec-6] CartController - null
[INFO ] 2020-06-26 17:39:06.450 [http-nio-8080-exec-6] CartServiceImpl - inside cartServiceIMPl0
[INFO ] 2020-06-26 17:41:16.443 [http-nio-8080-exec-1] CartController - null
[INFO ] 2020-06-26 17:41:16.446 [http-nio-8080-exec-1] CartServiceImpl - inside cartServiceIMPl0
[INFO ] 2020-06-26 17:43:11.281 [http-nio-8080-exec-2] CustomerController - Inside register user
[INFO ] 2020-06-26 17:43:11.420 [http-nio-8080-exec-2] CustomerServiceImpl - New user added to DB
[INFO ] 2020-06-26 17:43:14.725 [http-nio-8080-exec-1] CustomerController - Inside login user
[INFO ] 2020-06-26 17:43:18.695 [http-nio-8080-exec-4] CartController - null
[INFO ] 2020-06-26 17:43:18.695 [http-nio-8080-exec-4] CartServiceImpl - inside cartServiceIMPl0
[INFO ] 2020-06-26 17:44:28.944 [http-nio-8080-exec-1] CartController - null
[INFO ] 2020-06-26 17:44:28.949 [http-nio-8080-exec-1] CartServiceImpl - inside cartServiceIMPl0
[INFO ] 2020-06-26 17:46:13.432 [http-nio-8080-exec-4] CartController - null
[INFO ] 2020-06-26 17:46:13.432 [http-nio-8080-exec-4] CartServiceImpl - inside cartServiceIMPl0
[INFO ] 2020-06-26 17:47:07.234 [http-nio-8080-exec-2] CartController - null
[INFO ] 2020-06-26 17:47:07.235 [http-nio-8080-exec-2] CartServiceImpl - inside cartServiceIMPl0
[INFO ] 2020-06-26 17:47:51.471 [http-nio-8080-exec-4] CartController - null
[INFO ] 2020-06-26 17:47:51.472 [http-nio-8080-exec-4] CartServiceImpl - inside cartServiceIMPl0
[INFO ] 2020-06-26 17:48:04.944 [http-nio-8080-exec-6] CartController - null
[INFO ] 2020-06-26 17:48:04.945 [http-nio-8080-exec-6] CartServiceImpl - inside cartServiceIMPl0
[INFO ] 2020-06-26 17:49:31.662 [http-nio-8080-exec-2] CartController - null
[INFO ] 2020-06-26 17:49:31.666 [http-nio-8080-exec-2] CartServiceImpl - inside cartServiceIMPl0
[INFO ] 2020-06-26 17:51:45.781 [http-nio-8080-exec-1] CartController - null
[INFO ] 2020-06-26 17:51:45.784 [http-nio-8080-exec-1] CartServiceImpl - inside cartServiceIMPl0
[INFO ] 2020-06-26 17:53:20.359 [http-nio-8080-exec-4] CartController - null
[INFO ] 2020-06-26 17:54:14.582 [http-nio-8080-exec-2] CartController - null
[INFO ] 2020-06-26 17:55:32.501 [http-nio-8080-exec-2] CartController - null
[INFO ] 2020-06-26 17:59:01.363 [http-nio-8080-exec-2] CartController - com.mindtree.assignment.entity.Customer@5de825bb
[INFO ] 2020-06-26 17:59:01.366 [http-nio-8080-exec-2] CartServiceImpl - inside cartServiceIMPl0
[INFO ] 2020-06-26 18:00:43.406 [http-nio-8080-exec-2] CartController - com.mindtree.assignment.entity.Customer@5d213691
[INFO ] 2020-06-26 18:00:43.412 [http-nio-8080-exec-2] CartServiceImpl - inside cartServiceIMPl0
[INFO ] 2020-06-26 18:03:09.039 [http-nio-8080-exec-2] CartController - com.mindtree.assignment.entity.Customer@7aa349d
[INFO ] 2020-06-26 18:03:09.041 [http-nio-8080-exec-2] CartServiceImpl - inside cartServiceIMPl0
[INFO ] 2020-06-26 18:05:25.051 [http-nio-8080-exec-2] CartController - com.mindtree.assignment.entity.Customer@469a2e7a
[INFO ] 2020-06-26 18:05:25.053 [http-nio-8080-exec-2] CartServiceImpl - inside cartServiceIMPl0
[INFO ] 2020-06-26 18:08:01.605 [http-nio-8080-exec-1] CartController - com.mindtree.assignment.entity.Customer@51312e4
[INFO ] 2020-06-26 18:08:01.607 [http-nio-8080-exec-1] CartServiceImpl - inside cartServiceIMPl0
[INFO ] 2020-06-26 18:09:05.546 [http-nio-8080-exec-2] CustomerController - Inside register user
[INFO ] 2020-06-26 18:09:05.687 [http-nio-8080-exec-2] CustomerServiceImpl - New user added to DB
[INFO ] 2020-06-26 18:09:09.434 [http-nio-8080-exec-3] CustomerController - Inside login user
[INFO ] 2020-06-26 18:09:16.963 [http-nio-8080-exec-4] CartController - com.mindtree.assignment.entity.Customer@33467945
[INFO ] 2020-06-26 18:09:16.964 [http-nio-8080-exec-4] CartServiceImpl - inside cartServiceIMPl0
[INFO ] 2020-06-26 18:10:51.686 [http-nio-8080-exec-6] CartController - com.mindtree.assignment.entity.Customer@499ebccd
[INFO ] 2020-06-26 18:10:51.687 [http-nio-8080-exec-6] CartServiceImpl - inside cartServiceIMPl0
[INFO ] 2020-06-26 18:14:14.527 [http-nio-8080-exec-1] CartController - com.mindtree.assignment.entity.Customer@36bdacc0
[INFO ] 2020-06-26 18:14:14.529 [http-nio-8080-exec-1] CartServiceImpl - inside cartServiceIMPl0
[INFO ] 2020-06-26 18:15:07.732 [http-nio-8080-exec-2] CustomerController - Inside register user
[INFO ] 2020-06-26 18:15:07.909 [http-nio-8080-exec-2] CustomerServiceImpl - New user added to DB
[INFO ] 2020-06-26 18:15:25.258 [http-nio-8080-exec-3] CartController - com.mindtree.assignment.entity.Customer@34f3fd74
[INFO ] 2020-06-26 18:15:25.262 [http-nio-8080-exec-3] CartServiceImpl - inside cartServiceIMPl0
[INFO ] 2020-06-26 18:16:41.242 [http-nio-8080-exec-2] CartController - com.mindtree.assignment.entity.Customer@17b80509
[INFO ] 2020-06-26 18:16:41.247 [http-nio-8080-exec-2] CartServiceImpl - inside cartServiceIMPl0
[INFO ] 2020-06-26 18:19:24.278 [http-nio-8080-exec-2] CartController - com.mindtree.assignment.entity.Customer@76c1a10e
[INFO ] 2020-06-26 18:19:24.280 [http-nio-8080-exec-2] CartServiceImpl - inside cartServiceIMPl0
[INFO ] 2020-06-26 18:20:19.404 [http-nio-8080-exec-1] CustomerController - Inside register user
[INFO ] 2020-06-26 18:20:19.582 [http-nio-8080-exec-1] CustomerServiceImpl - New user added to DB
[INFO ] 2020-06-26 18:20:22.477 [http-nio-8080-exec-3] CartController - com.mindtree.assignment.entity.Customer@1e2576df
[INFO ] 2020-06-26 18:20:22.478 [http-nio-8080-exec-3] CartServiceImpl - inside cartServiceIMPl0
[INFO ] 2020-06-26 18:21:25.186 [http-nio-8080-exec-2] CartController - com.mindtree.assignment.entity.Customer@70a8f0f3
[INFO ] 2020-06-26 18:21:25.192 [http-nio-8080-exec-2] CartServiceImpl - inside cartServiceIMPl0
[INFO ] 2020-06-26 18:22:16.189 [http-nio-8080-exec-2] CartController - com.mindtree.assignment.entity.Customer@11d35a60
[INFO ] 2020-06-26 18:22:16.191 [http-nio-8080-exec-2] CartServiceImpl - inside cartServiceIMPl0
[INFO ] 2020-06-26 18:24:12.365 [http-nio-8080-exec-2] CustomerController - Inside register user
[INFO ] 2020-06-26 18:24:12.548 [http-nio-8080-exec-2] CustomerServiceImpl - New user added to DB
[INFO ] 2020-06-26 18:24:27.231 [http-nio-8080-exec-3] CartController - com.mindtree.assignment.entity.Customer@6f585332
[INFO ] 2020-06-26 18:24:27.231 [http-nio-8080-exec-3] CartServiceImpl - inside cartServiceIMPl0
[INFO ] 2020-06-26 18:25:08.189 [http-nio-8080-exec-2] CartController - com.mindtree.assignment.entity.Customer@68cc46db
[INFO ] 2020-06-26 18:25:08.193 [http-nio-8080-exec-2] CartServiceImpl - inside cartServiceIMPl0
[INFO ] 2020-06-26 18:33:02.074 [http-nio-8080-exec-1] CustomerController - Inside register user
[INFO ] 2020-06-26 18:33:02.270 [http-nio-8080-exec-1] CustomerServiceImpl - New user added to DB
[INFO ] 2020-06-26 18:33:15.615 [http-nio-8080-exec-3] CartController - null
[INFO ] 2020-06-26 18:33:15.615 [http-nio-8080-exec-3] CartServiceImpl - inside cartServiceIMPl0
[INFO ] 2020-06-26 18:33:52.967 [http-nio-8080-exec-4] CartController - h@gmail.com
[INFO ] 2020-06-26 18:33:52.967 [http-nio-8080-exec-4] CartServiceImpl - inside cartServiceIMPl0
[INFO ] 2020-06-26 18:36:07.066 [http-nio-8080-exec-4] CartController - h@gmail.com
[INFO ] 2020-06-26 18:36:07.066 [http-nio-8080-exec-4] CartServiceImpl - inside cartServiceIMPl1
[INFO ] 2020-06-26 18:38:09.861 [http-nio-8080-exec-1] CartController - h@gmail.com
[INFO ] 2020-06-26 18:38:09.863 [http-nio-8080-exec-1] CartServiceImpl - inside cartServiceIMPl1
[INFO ] 2020-06-26 18:40:01.253 [http-nio-8080-exec-2] CartController - h@gmail.com
[INFO ] 2020-06-26 18:40:01.256 [http-nio-8080-exec-2] CartServiceImpl - inside cartServiceIMPl1
[INFO ] 2020-06-26 18:41:10.227 [http-nio-8080-exec-4] CartController - h@gmail.com
[INFO ] 2020-06-26 18:41:10.227 [http-nio-8080-exec-4] CartServiceImpl - inside cartServiceIMPl1
[INFO ] 2020-06-26 18:42:59.206 [http-nio-8080-exec-2] CartController - h@gmail.com
[INFO ] 2020-06-26 18:42:59.211 [http-nio-8080-exec-2] CartServiceImpl - inside cartServiceIMPl1
[INFO ] 2020-06-26 18:43:10.069 [http-nio-8080-exec-3] CartController - h@gmail.com
[INFO ] 2020-06-26 18:43:10.070 [http-nio-8080-exec-3] CartServiceImpl - inside cartServiceIMPl1
[INFO ] 2020-06-26 18:44:12.146 [http-nio-8080-exec-2] CartController - h@gmail.com
[INFO ] 2020-06-26 18:44:12.149 [http-nio-8080-exec-2] CartServiceImpl - inside cartServiceIMPl1
[INFO ] 2020-06-26 18:45:26.904 [http-nio-8080-exec-2] CartController - h@gmail.com
[INFO ] 2020-06-26 18:45:26.909 [http-nio-8080-exec-2] CartServiceImpl - inside cartServiceIMPl1
[INFO ] 2020-06-26 18:46:41.853 [http-nio-8080-exec-1] CartController - h@gmail.com
[INFO ] 2020-06-26 18:46:41.854 [http-nio-8080-exec-1] CartServiceImpl - inside cartServiceIMPl1
[INFO ] 2020-06-26 18:46:56.996 [http-nio-8080-exec-3] CartController - h@gmail.com
[INFO ] 2020-06-26 18:46:56.996 [http-nio-8080-exec-3] CartServiceImpl - inside cartServiceIMPl2
[INFO ] 2020-06-26 18:47:00.968 [http-nio-8080-exec-4] CartController - h@gmail.com
[INFO ] 2020-06-26 18:47:00.968 [http-nio-8080-exec-4] CartServiceImpl - inside cartServiceIMPl2
[INFO ] 2020-06-27 13:06:07.793 [http-nio-8080-exec-1] CartController - h@gmail.com
[INFO ] 2020-06-27 13:06:07.795 [http-nio-8080-exec-1] CartServiceImpl - inside cartServiceIMPl2
[INFO ] 2020-06-29 09:35:23.366 [http-nio-8080-exec-3] CustomerController - Inside register user
[ERROR] 2020-06-29 09:35:23.394 [http-nio-8080-exec-3] CustomerServiceImpl - This Email is already registered
[INFO ] 2020-06-29 09:35:30.586 [http-nio-8080-exec-2] CustomerController - Inside register user
[INFO ] 2020-06-29 09:35:30.592 [http-nio-8080-exec-2] CustomerServiceImpl - New user added to DB
[INFO ] 2020-06-29 09:42:33.226 [http-nio-8080-exec-5] CustomerController - Inside register user
[INFO ] 2020-06-29 09:42:33.238 [http-nio-8080-exec-5] CustomerServiceImpl - New user added to DB
[INFO ] 2020-06-29 09:43:53.532 [http-nio-8080-exec-1] CustomerController - Inside register user
[INFO ] 2020-06-29 09:43:53.716 [http-nio-8080-exec-1] CustomerServiceImpl - New user added to DB
[INFO ] 2020-06-29 09:44:09.013 [http-nio-8080-exec-3] CustomerController - Inside register user
[INFO ] 2020-06-29 09:44:09.027 [http-nio-8080-exec-3] CustomerServiceImpl - New user added to DB
[INFO ] 2020-06-29 12:35:03.258 [http-nio-8080-exec-1] CustomerController - Inside register user
[INFO ] 2020-06-29 12:35:03.516 [http-nio-8080-exec-1] CustomerServiceImpl - New user added to DB
[INFO ] 2020-06-29 12:35:55.305 [http-nio-8080-exec-3] CustomerController - Inside register user
[INFO ] 2020-06-29 12:35:55.317 [http-nio-8080-exec-3] CustomerServiceImpl - New user added to DB
[INFO ] 2020-06-29 12:40:58.550 [http-nio-8080-exec-1] CustomerController - Inside register user
[INFO ] 2020-06-29 12:40:58.700 [http-nio-8080-exec-1] CustomerServiceImpl - New user added to DB
[INFO ] 2020-06-29 12:41:07.423 [http-nio-8080-exec-3] CustomerController - Inside register user
[INFO ] 2020-06-29 12:41:07.437 [http-nio-8080-exec-3] CustomerServiceImpl - New user added to DB
[INFO ] 2020-06-29 13:28:33.776 [http-nio-8080-exec-2] CartController - h@gmail.com
[INFO ] 2020-06-29 13:28:33.777 [http-nio-8080-exec-2] CartServiceImpl - inside cartServiceIMPl2
[INFO ] 2020-06-29 13:28:47.426 [http-nio-8080-exec-3] CartController - h@gmail.com
[INFO ] 2020-06-29 13:28:47.426 [http-nio-8080-exec-3] CartServiceImpl - inside cartServiceIMPl2
[INFO ] 2020-06-29 13:31:26.735 [http-nio-8080-exec-3] CartController - h@gmail.com
[INFO ] 2020-06-29 13:31:26.735 [http-nio-8080-exec-3] CartServiceImpl - inside cartServiceIMPl2
[INFO ] 2020-06-29 13:31:28.034 [http-nio-8080-exec-4] CartController - h@gmail.com
[INFO ] 2020-06-29 13:31:28.036 [http-nio-8080-exec-4] CartServiceImpl - inside cartServiceIMPl2
[INFO ] 2020-06-29 13:34:55.308 [http-nio-8080-exec-1] CartController - h@gmail.com
[INFO ] 2020-06-29 13:34:55.315 [http-nio-8080-exec-1] CartServiceImpl - inside cartServiceIMPl2
[INFO ] 2020-06-29 13:34:56.382 [http-nio-8080-exec-3] CartController - h@gmail.com
[INFO ] 2020-06-29 13:34:56.382 [http-nio-8080-exec-3] CartServiceImpl - inside cartServiceIMPl2
[INFO ] 2020-06-29 13:34:57.357 [http-nio-8080-exec-4] CartController - h@gmail.com
[INFO ] 2020-06-29 13:34:57.358 [http-nio-8080-exec-4] CartServiceImpl - inside cartServiceIMPl2
[INFO ] 2020-06-29 13:34:58.210 [http-nio-8080-exec-5] CartController - h@gmail.com
[INFO ] 2020-06-29 13:34:58.210 [http-nio-8080-exec-5] CartServiceImpl - inside cartServiceIMPl2
[INFO ] 2020-06-29 13:34:59.060 [http-nio-8080-exec-6] CartController - h@gmail.com
[INFO ] 2020-06-29 13:34:59.060 [http-nio-8080-exec-6] CartServiceImpl - inside cartServiceIMPl2
[INFO ] 2020-06-29 13:35:10.957 [http-nio-8080-exec-7] CartServiceImpl - 5
[INFO ] 2020-06-29 13:35:18.999 [http-nio-8080-exec-8] CartServiceImpl - 4
[INFO ] 2020-06-29 13:35:23.272 [http-nio-8080-exec-9] CartServiceImpl - 3
[INFO ] 2020-06-29 13:35:27.353 [http-nio-8080-exec-10] CartServiceImpl - 2
[INFO ] 2020-06-29 13:35:32.108 [http-nio-8080-exec-2] CartServiceImpl - 1
[INFO ] 2020-06-29 13:37:31.762 [http-nio-8080-exec-3] CartController - h@gmail.com
[INFO ] 2020-06-29 13:37:31.762 [http-nio-8080-exec-3] CartServiceImpl - inside cartServiceIMPl2
[INFO ] 2020-06-29 13:37:32.987 [http-nio-8080-exec-4] CartController - h@gmail.com
[INFO ] 2020-06-29 13:37:32.987 [http-nio-8080-exec-4] CartServiceImpl - inside cartServiceIMPl2
[INFO ] 2020-06-29 13:37:36.718 [http-nio-8080-exec-5] CartServiceImpl - 2
[INFO ] 2020-06-29 13:39:43.030 [http-nio-8080-exec-1] CartServiceImpl - 1
[INFO ] 2020-06-29 13:40:20.992 [http-nio-8080-exec-3] CartController - h@gmail.com
[INFO ] 2020-06-29 13:40:20.993 [http-nio-8080-exec-3] CartServiceImpl - inside cartServiceIMPl2
[INFO ] 2020-06-29 13:40:21.822 [http-nio-8080-exec-4] CartController - h@gmail.com
[INFO ] 2020-06-29 13:40:21.822 [http-nio-8080-exec-4] CartServiceImpl - inside cartServiceIMPl2
[INFO ] 2020-06-29 13:40:24.222 [http-nio-8080-exec-5] CartServiceImpl - 2
[INFO ] 2020-06-29 13:40:27.393 [http-nio-8080-exec-6] CartServiceImpl - 1
[INFO ] 2020-06-29 13:43:24.245 [http-nio-8080-exec-9] CartController - h@gmail.com
[INFO ] 2020-06-29 13:43:24.245 [http-nio-8080-exec-9] CartServiceImpl - inside cartServiceIMPl2
[INFO ] 2020-06-29 13:43:29.013 [http-nio-8080-exec-10] CartController - h@gmail.com
[INFO ] 2020-06-29 13:43:29.013 [http-nio-8080-exec-10] CartServiceImpl - inside cartServiceIMPl2
[INFO ] 2020-06-29 13:43:31.607 [http-nio-8080-exec-2] CartServiceImpl - 2
[INFO ] 2020-06-29 13:45:28.708 [http-nio-8080-exec-1] CartServiceImpl - 1
[INFO ] 2020-06-29 13:45:33.520 [http-nio-8080-exec-3] CartController - h@gmail.com
[INFO ] 2020-06-29 13:45:33.520 [http-nio-8080-exec-3] CartServiceImpl - inside cartServiceIMPl2
[INFO ] 2020-06-29 13:45:34.298 [http-nio-8080-exec-4] CartController - h@gmail.com
[INFO ] 2020-06-29 13:45:34.298 [http-nio-8080-exec-4] CartServiceImpl - inside cartServiceIMPl2
[INFO ] 2020-06-29 13:45:37.404 [http-nio-8080-exec-5] CartServiceImpl - 2
[INFO ] 2020-06-29 13:46:15.920 [http-nio-8080-exec-6] CartController - h@gmail.com
[INFO ] 2020-06-29 13:46:15.920 [http-nio-8080-exec-6] CartServiceImpl - inside cartServiceIMPl2
[INFO ] 2020-06-29 13:46:16.169 [http-nio-8080-exec-7] CartController - h@gmail.com
[INFO ] 2020-06-29 13:46:16.169 [http-nio-8080-exec-7] CartServiceImpl - inside cartServiceIMPl2
[INFO ] 2020-06-29 13:46:16.640 [http-nio-8080-exec-8] CartController - h@gmail.com
[INFO ] 2020-06-29 13:46:16.640 [http-nio-8080-exec-8] CartServiceImpl - inside cartServiceIMPl2
[INFO ] 2020-06-29 13:46:18.899 [http-nio-8080-exec-9] CartServiceImpl - 4
[INFO ] 2020-06-29 13:46:20.011 [http-nio-8080-exec-10] CartServiceImpl - 3
[INFO ] 2020-06-29 13:46:21.856 [http-nio-8080-exec-2] CartServiceImpl - 2
[INFO ] 2020-06-29 13:46:23.486 [http-nio-8080-exec-1] CartServiceImpl - 1
[INFO ] 2020-06-29 13:47:20.701 [http-nio-8080-exec-3] CartController - h@gmail.com
[INFO ] 2020-06-29 13:47:20.701 [http-nio-8080-exec-3] CartServiceImpl - inside cartServiceIMPl2
[INFO ] 2020-06-29 13:50:33.670 [http-nio-8080-exec-1] CartServiceImpl - count
[INFO ] 2020-06-29 13:55:18.384 [http-nio-8080-exec-2] CartServiceImpl - haritha0
[INFO ] 2020-06-29 13:55:28.390 [http-nio-8080-exec-3] CartServiceImpl - haritha1
[INFO ] 2020-06-29 13:55:51.811 [http-nio-8080-exec-4] CartServiceImpl - haritha0
[INFO ] 2020-06-29 13:56:41.306 [http-nio-8080-exec-1] CartServiceImpl - haritha0
[INFO ] 2020-06-29 19:12:03.935 [http-nio-8080-exec-1] CustomerController - Inside register user
[ERROR] 2020-06-29 19:12:04.121 [http-nio-8080-exec-1] CustomerServiceImpl - This Email is already registered
[INFO ] 2020-06-29 19:22:17.166 [http-nio-8080-exec-3] CustomerController - Inside login user
[ERROR] 2020-06-29 19:22:17.181 [http-nio-8080-exec-3] CustomerServiceImpl - This Email is not registered
[INFO ] 2020-06-29 19:22:24.046 [http-nio-8080-exec-4] CustomerController - Inside login user
[ERROR] 2020-06-29 19:22:24.051 [http-nio-8080-exec-4] CustomerServiceImpl - This Email is not registered
[INFO ] 2020-06-29 19:22:46.306 [http-nio-8080-exec-5] CustomerController - Inside login user
[ERROR] 2020-06-29 19:22:46.322 [http-nio-8080-exec-5] CustomerServiceImpl - This Email is not registered
[INFO ] 2020-06-29 19:24:06.010 [http-nio-8080-exec-7] CustomerController - Inside login user
[ERROR] 2020-06-29 19:24:06.207 [http-nio-8080-exec-7] CustomerServiceImpl - This Password is not valid
[INFO ] 2020-06-29 19:24:23.471 [http-nio-8080-exec-8] CustomerController - Inside login user
[ERROR] 2020-06-29 19:24:23.648 [http-nio-8080-exec-8] CustomerServiceImpl - This Password is not valid
[INFO ] 2020-06-29 19:26:22.020 [http-nio-8080-exec-1] CustomerController - Inside register user
[INFO ] 2020-06-29 19:26:22.028 [http-nio-8080-exec-1] CustomerServiceImpl - New user added to DB
[INFO ] 2020-06-29 19:26:26.284 [http-nio-8080-exec-3] CustomerController - Inside login user
[INFO ] 2020-06-29 19:26:26.443 [http-nio-8080-exec-3] CustomerServiceImpl - password matched
[INFO ] 2020-06-29 19:26:41.534 [http-nio-8080-exec-4] CustomerController - Inside login user
[ERROR] 2020-06-29 19:26:41.707 [http-nio-8080-exec-4] CustomerServiceImpl - This Password is not valid
[INFO ] 2020-06-29 19:27:32.642 [http-nio-8080-exec-7] CustomerController - Inside login user
[INFO ] 2020-06-29 19:27:32.781 [http-nio-8080-exec-7] CustomerServiceImpl - password matched
[INFO ] 2020-06-29 19:28:29.866 [http-nio-8080-exec-9] CustomerController - Inside login user
[ERROR] 2020-06-29 19:28:30.053 [http-nio-8080-exec-9] CustomerServiceImpl - This Password is not valid
[INFO ] 2020-06-29 19:29:31.620 [http-nio-8080-exec-1] CustomerController - Inside login user
[INFO ] 2020-06-29 19:29:31.801 [http-nio-8080-exec-1] CustomerServiceImpl - password matched
[INFO ] 2020-06-29 19:41:40.781 [http-nio-8080-exec-3] CustomerController - Inside login user
[INFO ] 2020-06-29 19:41:40.958 [http-nio-8080-exec-3] CustomerServiceImpl - password matched
[INFO ] 2020-06-29 19:43:20.120 [http-nio-8080-exec-7] CustomerController - Inside login user
[INFO ] 2020-06-29 19:43:20.297 [http-nio-8080-exec-7] CustomerServiceImpl - password matched
[INFO ] 2020-06-29 19:43:40.692 [http-nio-8080-exec-9] CustomerController - Inside login user
[INFO ] 2020-06-29 19:43:40.861 [http-nio-8080-exec-9] CustomerServiceImpl - password matched
[INFO ] 2020-06-29 19:44:54.307 [http-nio-8080-exec-9] CustomerController - Inside login user
[INFO ] 2020-06-29 19:44:54.484 [http-nio-8080-exec-9] CustomerServiceImpl - password matched
[INFO ] 2020-06-29 19:46:09.688 [http-nio-8080-exec-1] CustomerController - Inside login user
[INFO ] 2020-06-29 19:46:09.860 [http-nio-8080-exec-1] CustomerServiceImpl - password matched
[INFO ] 2020-06-29 19:47:18.050 [http-nio-8080-exec-5] CustomerController - Inside login user
[INFO ] 2020-06-29 19:47:18.228 [http-nio-8080-exec-5] CustomerServiceImpl - password matched
[INFO ] 2020-06-29 19:47:32.330 [http-nio-8080-exec-8] CartController - h@gmail.com
[INFO ] 2020-06-29 19:47:32.331 [http-nio-8080-exec-8] CartServiceImpl - inside cartServiceIMPl2
[INFO ] 2020-06-29 19:47:33.408 [http-nio-8080-exec-9] CartController - h@gmail.com
[INFO ] 2020-06-29 19:47:33.408 [http-nio-8080-exec-9] CartServiceImpl - inside cartServiceIMPl2
[INFO ] 2020-06-30 11:51:09.615 [http-nio-8080-exec-2] CartController - h@gmail.com
[INFO ] 2020-06-30 11:51:09.625 [http-nio-8080-exec-2] CartServiceImpl - inside cartServiceIMPl1
[INFO ] 2020-06-30 12:20:49.878 [http-nio-8080-exec-7] CartController - h@gmail.com
[INFO ] 2020-06-30 12:20:49.879 [http-nio-8080-exec-7] CartServiceImpl - inside cartServiceIMPl2
[INFO ] 2020-06-30 12:38:25.034 [http-nio-8080-exec-10] CustomerController - Inside login user
[INFO ] 2020-06-30 12:38:25.143 [http-nio-8080-exec-10] CustomerServiceImpl - password matched
[INFO ] 2020-06-30 12:49:42.642 [http-nio-8080-exec-5] CartServiceImpl - 3
[INFO ] 2020-06-30 12:50:00.747 [http-nio-8080-exec-9] CartServiceImpl - 2
[INFO ] 2020-06-30 12:50:01.708 [http-nio-8080-exec-2] CartServiceImpl - 1
[INFO ] 2020-06-30 12:51:58.356 [http-nio-8080-exec-4] CartController - h@gmail.com
[INFO ] 2020-06-30 12:51:58.356 [http-nio-8080-exec-4] CartServiceImpl - inside cartServiceIMPl1
[INFO ] 2020-06-30 12:52:23.167 [http-nio-8080-exec-8] CartController - h@gmail.com
[INFO ] 2020-06-30 12:52:23.168 [http-nio-8080-exec-8] CartServiceImpl - inside cartServiceIMPl1
[INFO ] 2020-06-30 12:52:24.834 [http-nio-8080-exec-2] CartServiceImpl - 3
[INFO ] 2020-06-30 12:52:27.584 [http-nio-8080-exec-3] CartController - h@gmail.com
[INFO ] 2020-06-30 12:52:27.584 [http-nio-8080-exec-3] CartServiceImpl - inside cartServiceIMPl1
[INFO ] 2020-06-30 12:52:29.172 [http-nio-8080-exec-5] CartServiceImpl - 3
[INFO ] 2020-06-30 12:52:33.659 [http-nio-8080-exec-7] CartServiceImpl - 2
[INFO ] 2020-06-30 12:52:34.300 [http-nio-8080-exec-9] CartServiceImpl - 1
[INFO ] 2020-06-30 12:53:01.671 [http-nio-8080-exec-4] CartController - h@gmail.com
[INFO ] 2020-06-30 12:53:01.671 [http-nio-8080-exec-4] CartServiceImpl - inside cartServiceIMPl1
[INFO ] 2020-06-30 12:53:04.468 [http-nio-8080-exec-5] CartController - h@gmail.com
[INFO ] 2020-06-30 12:53:04.469 [http-nio-8080-exec-5] CartServiceImpl - inside cartServiceIMPl2
[INFO ] 2020-06-30 12:53:09.134 [http-nio-8080-exec-7] CartController - h@gmail.com
[INFO ] 2020-06-30 12:53:09.135 [http-nio-8080-exec-7] CartServiceImpl - inside cartServiceIMPl1
[INFO ] 2020-06-30 12:53:10.026 [http-nio-8080-exec-9] CartController - h@gmail.com
[INFO ] 2020-06-30 12:53:10.026 [http-nio-8080-exec-9] CartServiceImpl - inside cartServiceIMPl2
[INFO ] 2020-06-30 12:53:11.014 [http-nio-8080-exec-2] CartServiceImpl - 2
[INFO ] 2020-06-30 12:53:11.812 [http-nio-8080-exec-3] CartServiceImpl - 2
[INFO ] 2020-06-30 12:53:12.615 [http-nio-8080-exec-5] CartController - h@gmail.com
[INFO ] 2020-06-30 12:53:12.615 [http-nio-8080-exec-5] CartServiceImpl - inside cartServiceIMPl1
[INFO ] 2020-06-30 12:53:13.406 [http-nio-8080-exec-7] CartController - h@gmail.com
[INFO ] 2020-06-30 12:53:13.406 [http-nio-8080-exec-7] CartServiceImpl - inside cartServiceIMPl2
[INFO ] 2020-06-30 13:00:37.376 [http-nio-8080-exec-7] CartServiceImpl - 2
[INFO ] 2020-06-30 13:01:04.079 [http-nio-8080-exec-5] CartServiceImpl - 2
[INFO ] 2020-06-30 13:01:35.959 [http-nio-8080-exec-10] CartController - h@gmail.com
[INFO ] 2020-06-30 13:01:35.959 [http-nio-8080-exec-10] CartServiceImpl - inside cartServiceIMPl1
[INFO ] 2020-06-30 13:01:57.800 [http-nio-8080-exec-5] CartController - h@gmail.com
[INFO ] 2020-06-30 13:01:57.800 [http-nio-8080-exec-5] CartServiceImpl - inside cartServiceIMPl1
[INFO ] 2020-06-30 13:01:59.808 [http-nio-8080-exec-8] CartServiceImpl - 3
[INFO ] 2020-06-30 13:02:01.480 [http-nio-8080-exec-2] CartController - h@gmail.com
[INFO ] 2020-06-30 13:02:01.481 [http-nio-8080-exec-2] CartServiceImpl - inside cartServiceIMPl2
[INFO ] 2020-06-30 13:02:03.119 [http-nio-8080-exec-4] CartServiceImpl - 2
[INFO ] 2020-06-30 13:02:04.568 [http-nio-8080-exec-7] CartServiceImpl - 1
[INFO ] 2020-06-30 13:02:06.678 [http-nio-8080-exec-10] CartServiceImpl - 2
[INFO ] 2020-06-30 13:02:07.848 [http-nio-8080-exec-3] CartController - h@gmail.com
[INFO ] 2020-06-30 13:02:07.848 [http-nio-8080-exec-3] CartServiceImpl - inside cartServiceIMPl1
[INFO ] 2020-06-30 13:02:08.328 [http-nio-8080-exec-6] CartController - h@gmail.com
[INFO ] 2020-06-30 13:02:08.329 [http-nio-8080-exec-6] CartServiceImpl - inside cartServiceIMPl1
[INFO ] 2020-06-30 13:02:09.072 [http-nio-8080-exec-9] CartController - h@gmail.com
[INFO ] 2020-06-30 13:02:09.072 [http-nio-8080-exec-9] CartServiceImpl - inside cartServiceIMPl1
[INFO ] 2020-06-30 13:02:09.399 [http-nio-8080-exec-1] CartController - h@gmail.com
[INFO ] 2020-06-30 13:02:09.399 [http-nio-8080-exec-1] CartServiceImpl - inside cartServiceIMPl1
[INFO ] 2020-06-30 13:02:09.789 [http-nio-8080-exec-5] CartController - h@gmail.com
[INFO ] 2020-06-30 13:02:09.790 [http-nio-8080-exec-5] CartServiceImpl - inside cartServiceIMPl1
[INFO ] 2020-06-30 13:02:10.106 [http-nio-8080-exec-8] CartController - h@gmail.com
[INFO ] 2020-06-30 13:02:10.106 [http-nio-8080-exec-8] CartServiceImpl - inside cartServiceIMPl1
[INFO ] 2020-06-30 13:02:10.444 [http-nio-8080-exec-2] CartController - h@gmail.com
[INFO ] 2020-06-30 13:02:10.444 [http-nio-8080-exec-2] CartServiceImpl - inside cartServiceIMPl1
[INFO ] 2020-06-30 13:02:12.467 [http-nio-8080-exec-4] CartServiceImpl - 8
[INFO ] 2020-06-30 13:02:13.127 [http-nio-8080-exec-7] CartServiceImpl - 7
[INFO ] 2020-06-30 13:02:13.467 [http-nio-8080-exec-10] CartServiceImpl - 6
[INFO ] 2020-06-30 13:02:13.945 [http-nio-8080-exec-3] CartServiceImpl - 5
[INFO ] 2020-06-30 13:02:14.461 [http-nio-8080-exec-6] CartServiceImpl - 4
[INFO ] 2020-06-30 13:02:15.237 [http-nio-8080-exec-9] CartServiceImpl - 3
[INFO ] 2020-06-30 13:02:16.326 [http-nio-8080-exec-1] CartServiceImpl - 2
[INFO ] 2020-06-30 13:02:21.118 [http-nio-8080-exec-7] CartController - h@gmail.com
[INFO ] 2020-06-30 13:02:21.118 [http-nio-8080-exec-7] CartServiceImpl - inside cartServiceIMPl1
[INFO ] 2020-06-30 13:03:27.572 [http-nio-8080-exec-4] CartController - h@gmail.com
[INFO ] 2020-06-30 13:03:27.572 [http-nio-8080-exec-4] CartServiceImpl - inside cartServiceIMPl1
[INFO ] 2020-06-30 13:06:18.696 [http-nio-8080-exec-1] CustomerController - Inside login user
[INFO ] 2020-06-30 13:06:18.798 [http-nio-8080-exec-1] CustomerServiceImpl - password matched
[INFO ] 2020-06-30 13:13:06.183 [http-nio-8080-exec-5] CustomerController - Inside login user
[INFO ] 2020-06-30 13:13:06.283 [http-nio-8080-exec-5] CustomerServiceImpl - password matched
[INFO ] 2020-06-30 13:26:07.144 [http-nio-8080-exec-8] CustomerController - Inside login user
[INFO ] 2020-06-30 13:26:07.265 [http-nio-8080-exec-8] CustomerServiceImpl - password matched
[INFO ] 2020-06-30 13:42:09.321 [http-nio-8080-exec-4] CustomerController - Inside login user
[INFO ] 2020-06-30 13:42:09.431 [http-nio-8080-exec-4] CustomerServiceImpl - password matched
[INFO ] 2020-06-30 13:44:04.740 [http-nio-8080-exec-8] CustomerController - Inside register user
[INFO ] 2020-06-30 13:44:04.745 [http-nio-8080-exec-8] CustomerServiceImpl - New user added to DB
[INFO ] 2020-06-30 13:44:04.869 [http-nio-8080-exec-10] CustomerController - Inside login user
[INFO ] 2020-06-30 13:44:04.957 [http-nio-8080-exec-10] CustomerServiceImpl - password matched
[INFO ] 2020-06-30 13:50:01.854 [http-nio-8080-exec-8] CustomerController - Inside login user
[INFO ] 2020-06-30 13:50:01.945 [http-nio-8080-exec-8] CustomerServiceImpl - password matched
[INFO ] 2020-06-30 13:50:37.658 [http-nio-8080-exec-6] CartController - h@gmail.com
[INFO ] 2020-06-30 13:50:37.658 [http-nio-8080-exec-6] CartServiceImpl - inside cartServiceIMPl2
[INFO ] 2020-06-30 13:51:51.482 [http-nio-8080-exec-10] CustomerController - Inside login user
[INFO ] 2020-06-30 13:51:51.583 [http-nio-8080-exec-10] CustomerServiceImpl - password matched
[INFO ] 2020-07-01 10:07:28.227 [http-nio-8080-exec-1] CartController - v@gmail.com
[INFO ] 2020-07-01 10:07:28.234 [http-nio-8080-exec-1] CartServiceImpl - inside cartServiceIMPl2
[INFO ] 2020-07-10 11:06:38.900 [http-nio-8080-exec-1] CartController - adding products to cart
[INFO ] 2020-07-10 11:06:38.912 [http-nio-8080-exec-1] CartServiceImpl - inside add to cart method
[INFO ] 2020-07-10 11:06:39.153 [http-nio-8080-exec-1] CartServiceImpl - This is a new product to the cart, thus adding a new row in the cart table
[INFO ] 2020-07-10 11:07:55.417 [http-nio-8080-exec-2] CustomerController - Inside register user
[INFO ] 2020-07-10 11:07:55.600 [http-nio-8080-exec-2] CustomerServiceImpl - New user added to DB
[INFO ] 2020-07-10 11:08:09.211 [http-nio-8080-exec-3] CartController - adding products to cart
[INFO ] 2020-07-10 11:08:09.225 [http-nio-8080-exec-3] CartServiceImpl - inside add to cart method
[INFO ] 2020-07-10 11:08:09.233 [http-nio-8080-exec-3] CartServiceImpl - This is a new product to the cart, thus adding a new row in the cart table
[INFO ] 2020-07-10 11:10:21.022 [http-nio-8080-exec-1] CartController - adding products to cart
[INFO ] 2020-07-10 11:10:21.039 [http-nio-8080-exec-1] CartServiceImpl - inside add to cart method
[INFO ] 2020-07-10 11:10:21.215 [http-nio-8080-exec-1] CartServiceImpl - This is a new product to the cart, thus adding a new row in the cart table
[INFO ] 2020-07-10 11:10:40.031 [http-nio-8080-exec-3] CartController - adding products to cart
[INFO ] 2020-07-10 11:10:40.031 [http-nio-8080-exec-3] CartServiceImpl - inside add to cart method
[INFO ] 2020-07-10 11:10:40.065 [http-nio-8080-exec-3] CartServiceImpl - this product is already in the cart, thus just incrementing the cart count
[INFO ] 2020-07-10 11:12:38.191 [http-nio-8080-exec-2] CartController - adding products to cart
[INFO ] 2020-07-10 11:12:38.207 [http-nio-8080-exec-2] CartServiceImpl - inside add to cart method
[INFO ] 2020-07-10 11:12:38.395 [http-nio-8080-exec-2] CartServiceImpl - this product is already in the cart, thus just incrementing the cart count
[INFO ] 2020-07-10 11:12:55.074 [http-nio-8080-exec-3] CartController - delete a product from cart
[ERROR] 2020-07-10 11:12:55.115 [http-nio-8080-exec-3] CartServiceImpl - This product doesnot exists in cart
[ERROR] 2020-07-10 11:12:55.115 [http-nio-8080-exec-3] CartController - No items in cart
[INFO ] 2020-07-10 11:14:06.952 [http-nio-8080-exec-6] CartController - delete a product from cart
[ERROR] 2020-07-10 11:14:06.961 [http-nio-8080-exec-6] CartServiceImpl - This customer doesnot exists in db
[ERROR] 2020-07-10 11:14:06.961 [http-nio-8080-exec-6] CartController - This customer doesnot exists
[INFO ] 2020-07-10 11:14:52.828 [http-nio-8080-exec-7] CartController - delete a product from cart
[ERROR] 2020-07-10 11:14:52.834 [http-nio-8080-exec-7] CartServiceImpl - This customer doesnot exists in db
[ERROR] 2020-07-10 11:14:52.834 [http-nio-8080-exec-7] CartController - This customer doesnot exists
[INFO ] 2020-07-10 11:19:17.173 [http-nio-8080-exec-2] CartController - adding products to cart
[INFO ] 2020-07-10 11:19:17.191 [http-nio-8080-exec-2] CartServiceImpl - inside add to cart method
[ERROR] 2020-07-10 11:19:17.319 [http-nio-8080-exec-2] CartServiceImpl - This customer doesnot exists in db
[ERROR] 2020-07-10 11:19:17.319 [http-nio-8080-exec-2] CartController - This customer doesnot exists
[INFO ] 2020-07-10 11:19:26.349 [http-nio-8080-exec-3] CartController - adding products to cart
[INFO ] 2020-07-10 11:19:26.349 [http-nio-8080-exec-3] CartServiceImpl - inside add to cart method
[ERROR] 2020-07-10 11:19:26.381 [http-nio-8080-exec-3] CartServiceImpl - This product doesnot exists in db
[ERROR] 2020-07-10 11:19:26.381 [http-nio-8080-exec-3] CartController - This product doesnot exists
[INFO ] 2020-07-10 11:21:14.672 [http-nio-8080-exec-1] CartController - adding products to cart
[INFO ] 2020-07-10 11:21:14.684 [http-nio-8080-exec-1] CartServiceImpl - inside add to cart method
[INFO ] 2020-07-10 11:21:14.846 [http-nio-8080-exec-1] CartServiceImpl - This is a new product to the cart, thus adding a new row in the cart table
[INFO ] 2020-07-10 11:21:27.399 [http-nio-8080-exec-3] CartController - delete a product from cart
[INFO ] 2020-07-10 11:21:27.450 [http-nio-8080-exec-3] CartServiceImpl - getting the count of the product in cart
[INFO ] 2020-07-10 11:21:27.450 [http-nio-8080-exec-3] CartServiceImpl - The count is one, which means the product is present only once in the cart, thus we delete the entire row
[INFO ] 2020-07-10 11:21:46.524 [http-nio-8080-exec-4] CartController - adding products to cart
[INFO ] 2020-07-10 11:21:46.524 [http-nio-8080-exec-4] CartServiceImpl - inside add to cart method
[INFO ] 2020-07-10 11:21:46.536 [http-nio-8080-exec-4] CartServiceImpl - This is a new product to the cart, thus adding a new row in the cart table
[INFO ] 2020-07-10 11:21:47.491 [http-nio-8080-exec-5] CartController - adding products to cart
[INFO ] 2020-07-10 11:21:47.491 [http-nio-8080-exec-5] CartServiceImpl - inside add to cart method
[INFO ] 2020-07-10 11:21:47.515 [http-nio-8080-exec-5] CartServiceImpl - this product is already in the cart, thus just incrementing the cart count
[INFO ] 2020-07-10 11:21:49.520 [http-nio-8080-exec-6] CartController - adding products to cart
[INFO ] 2020-07-10 11:21:49.520 [http-nio-8080-exec-6] CartServiceImpl - inside add to cart method
[INFO ] 2020-07-10 11:21:49.542 [http-nio-8080-exec-6] CartServiceImpl - this product is already in the cart, thus just incrementing the cart count
[INFO ] 2020-07-10 11:22:10.023 [http-nio-8080-exec-7] CartController - delete all products from cart
[INFO ] 2020-07-10 11:22:10.043 [http-nio-8080-exec-7] CartServiceImpl - deleted the entire cart of custommer
[INFO ] 2020-07-10 11:22:32.348 [http-nio-8080-exec-8] CartController - get all products from cart
[ERROR] 2020-07-10 11:22:32.360 [http-nio-8080-exec-8] CartServiceImpl - no items in customer's cart
[ERROR] 2020-07-10 11:22:32.360 [http-nio-8080-exec-8] CartController - No items in the cart
[ERROR] 2020-07-10 11:24:51.123 [http-nio-8080-exec-5] CartController - This Category doesnot exists
[INFO ] 2020-07-10 11:28:30.434 [http-nio-8080-exec-6] CartController - upate cart count
[ERROR] 2020-07-10 11:28:30.458 [http-nio-8080-exec-6] CartServiceImpl - no items in customer's cart
[ERROR] 2020-07-10 11:28:30.458 [http-nio-8080-exec-6] CartController - No items in the cart
[INFO ] 2020-07-10 11:32:02.177 [http-nio-8080-exec-2] CartController - adding products to cart
[INFO ] 2020-07-10 11:32:02.198 [http-nio-8080-exec-2] CartServiceImpl - inside add to cart method
[INFO ] 2020-07-10 11:32:02.423 [http-nio-8080-exec-2] CartServiceImpl - This is a new product to the cart, thus adding a new row in the cart table
[INFO ] 2020-07-10 11:32:10.589 [http-nio-8080-exec-3] CartController - upate cart count
[INFO ] 2020-07-10 11:36:59.594 [http-nio-8080-exec-2] CartController - adding products to cart
[INFO ] 2020-07-10 11:36:59.623 [http-nio-8080-exec-2] CartServiceImpl - inside add to cart method
[INFO ] 2020-07-10 11:36:59.774 [http-nio-8080-exec-2] CartServiceImpl - this product is already in the cart, thus just incrementing the cart count
